#2026 04 12 13:47:56.948#Z#DEBUG#13634702-3676-11f1-a34c-eeee0a98601f.capmtxtrial-srv#flowable-async-job-executor-thread-26289#
[PollStageAppStatusExecution] b4e24c04-be07-405f-b469-6560f4404abf [2026-04-12T13:47:19.715604] Added process: "web" (STDOUT, API)#
#2026 04 12 13:47:56.948#Z#DEBUG#13634702-3676-11f1-a34c-eeee0a98601f.capmtxtrial-srv#flowable-async-job-executor-thread-26289#
[PollStageAppStatusExecution] b4e24c04-be07-405f-b469-6560f4404abf [2026-04-12T13:47:19.722567] Created app with guid b4e24c04-be07-405f-b469-6560f4404abf (STDOUT, API)#
#2026 04 12 13:47:56.948#Z#DEBUG#13634702-3676-11f1-a34c-eeee0a98601f.capmtxtrial-srv#flowable-async-job-executor-thread-26289#
[PollStageAppStatusExecution] b4e24c04-be07-405f-b469-6560f4404abf [2026-04-12T13:47:19.805720] Updating process: "web" (STDOUT, API)#
#2026 04 12 13:47:56.948#Z#DEBUG#13634702-3676-11f1-a34c-eeee0a98601f.capmtxtrial-srv#flowable-async-job-executor-thread-26289#
[PollStageAppStatusExecution] b4e24c04-be07-405f-b469-6560f4404abf [2026-04-12T13:47:19.860283] Scaling process: "web" (STDOUT, API)#
#2026 04 12 13:47:56.948#Z#DEBUG#13634702-3676-11f1-a34c-eeee0a98601f.capmtxtrial-srv#flowable-async-job-executor-thread-26289#
[PollStageAppStatusExecution] b4e24c04-be07-405f-b469-6560f4404abf [2026-04-12T13:47:37.253476] Uploading app package for app with guid b4e24c04-be07-405f-b469-6560f4404abf (STDOUT, API)#
#2026 04 12 13:47:56.948#Z#DEBUG#13634702-3676-11f1-a34c-eeee0a98601f.capmtxtrial-srv#flowable-async-job-executor-thread-26289#
[PollStageAppStatusExecution] b4e24c04-be07-405f-b469-6560f4404abf [2026-04-12T13:47:37.477199] Updated app with guid b4e24c04-be07-405f-b469-6560f4404abf ({"environment_variables"=>"[PRIVATE DATA HIDDEN]"}) (STDOUT, API)#
#2026 04 12 13:47:56.948#Z#DEBUG#13634702-3676-11f1-a34c-eeee0a98601f.capmtxtrial-srv#flowable-async-job-executor-thread-26289#
[PollStageAppStatusExecution] b4e24c04-be07-405f-b469-6560f4404abf [2026-04-12T13:47:47.097902] Creating build for app with guid b4e24c04-be07-405f-b469-6560f4404abf (STDOUT, API)#
#2026 04 12 13:47:56.948#Z#DEBUG#13634702-3676-11f1-a34c-eeee0a98601f.capmtxtrial-srv#flowable-async-job-executor-thread-26289#
[PollStageAppStatusExecution] b4e24c04-be07-405f-b469-6560f4404abf [2026-04-12T13:47:47.635273] Downloading nodejs_buildpack... (STDOUT, STG)#
#2026 04 12 13:47:56.948#Z#DEBUG#13634702-3676-11f1-a34c-eeee0a98601f.capmtxtrial-srv#flowable-async-job-executor-thread-26289#
[PollStageAppStatusExecution] b4e24c04-be07-405f-b469-6560f4404abf [2026-04-12T13:47:47.687891] Downloaded nodejs_buildpack (STDOUT, STG)#
#2026 04 12 13:47:56.948#Z#DEBUG#13634702-3676-11f1-a34c-eeee0a98601f.capmtxtrial-srv#flowable-async-job-executor-thread-26289#
[PollStageAppStatusExecution] b4e24c04-be07-405f-b469-6560f4404abf [2026-04-12T13:47:47.687968] Cell d1cc041a-d5a1-41d6-b9f6-6cda736ce3f0 creating container for instance fec47bbf-9744-45ee-9137-05bbe1121c26 (STDOUT, STG)#
#2026 04 12 13:47:56.948#Z#DEBUG#13634702-3676-11f1-a34c-eeee0a98601f.capmtxtrial-srv#flowable-async-job-executor-thread-26289#
[PollStageAppStatusExecution] b4e24c04-be07-405f-b469-6560f4404abf [2026-04-12T13:47:48.445262] Security group rules were updated (STDOUT, STG)#
#2026 04 12 13:47:56.948#Z#DEBUG#13634702-3676-11f1-a34c-eeee0a98601f.capmtxtrial-srv#flowable-async-job-executor-thread-26289#
[PollStageAppStatusExecution] b4e24c04-be07-405f-b469-6560f4404abf [2026-04-12T13:47:48.669738] Cell d1cc041a-d5a1-41d6-b9f6-6cda736ce3f0 successfully created container for instance fec47bbf-9744-45ee-9137-05bbe1121c26 (STDOUT, STG)#
#2026 04 12 13:47:56.948#Z#DEBUG#13634702-3676-11f1-a34c-eeee0a98601f.capmtxtrial-srv#flowable-async-job-executor-thread-26289#
[PollStageAppStatusExecution] b4e24c04-be07-405f-b469-6560f4404abf [2026-04-12T13:47:49.560469] Downloading app package... (STDOUT, STG)#
#2026 04 12 13:47:56.948#Z#DEBUG#13634702-3676-11f1-a34c-eeee0a98601f.capmtxtrial-srv#flowable-async-job-executor-thread-26289#
[PollStageAppStatusExecution] b4e24c04-be07-405f-b469-6560f4404abf [2026-04-12T13:47:50.503918] Downloaded app package (6.5M) (STDOUT, STG)#
#2026 04 12 13:47:56.948#Z#DEBUG#13634702-3676-11f1-a34c-eeee0a98601f.capmtxtrial-srv#flowable-async-job-executor-thread-26289#
[PollStageAppStatusExecution] b4e24c04-be07-405f-b469-6560f4404abf [2026-04-12T13:47:50.612558] -----> Nodejs Buildpack version 1.8.44 (STDOUT, STG)#
#2026 04 12 13:47:56.948#Z#DEBUG#13634702-3676-11f1-a34c-eeee0a98601f.capmtxtrial-srv#flowable-async-job-executor-thread-26289#
[PollStageAppStatusExecution] b4e24c04-be07-405f-b469-6560f4404abf [2026-04-12T13:47:50.911979] -----> Bootstrapping python (STDOUT, STG)#
#2026 04 12 13:47:56.948#Z#DEBUG#13634702-3676-11f1-a34c-eeee0a98601f.capmtxtrial-srv#flowable-async-job-executor-thread-26289#
[PollStageAppStatusExecution] b4e24c04-be07-405f-b469-6560f4404abf [2026-04-12T13:47:50.911995] -----> Installing python 3.11.14 (STDOUT, STG)#
#2026 04 12 13:47:56.948#Z#DEBUG#13634702-3676-11f1-a34c-eeee0a98601f.capmtxtrial-srv#flowable-async-job-executor-thread-26289#
[PollStageAppStatusExecution] b4e24c04-be07-405f-b469-6560f4404abf [2026-04-12T13:47:50.912136] Copy [/tmp/buildpacks/978cee5ec9c58000/dependencies/b5e0345ae0ae1932e7d56fffaa49a487/python_3.11.14_linux_x64_cflinuxfs4_66f53248.tgz] (STDOUT, STG)#
#2026 04 12 13:47:56.948#Z#DEBUG#13634702-3676-11f1-a34c-eeee0a98601f.capmtxtrial-srv#flowable-async-job-executor-thread-26289#
[PollStageAppStatusExecution] b4e24c04-be07-405f-b469-6560f4404abf [2026-04-12T13:47:54.997855] -----> Installing binaries (STDOUT, STG)#
#2026 04 12 13:47:56.948#Z#DEBUG#13634702-3676-11f1-a34c-eeee0a98601f.capmtxtrial-srv#flowable-async-job-executor-thread-26289#
[PollStageAppStatusExecution] b4e24c04-be07-405f-b469-6560f4404abf [2026-04-12T13:47:54.998025] engines.node (package.json): >=20 (STDOUT, STG)#
#2026 04 12 13:47:56.948#Z#DEBUG#13634702-3676-11f1-a34c-eeee0a98601f.capmtxtrial-srv#flowable-async-job-executor-thread-26289#
[PollStageAppStatusExecution] b4e24c04-be07-405f-b469-6560f4404abf [2026-04-12T13:47:54.998044] engines.npm (package.json): unspecified (use default) (STDOUT, STG)#
#2026 04 12 13:47:56.948#Z#DEBUG#13634702-3676-11f1-a34c-eeee0a98601f.capmtxtrial-srv#flowable-async-job-executor-thread-26289#
[PollStageAppStatusExecution] b4e24c04-be07-405f-b469-6560f4404abf [2026-04-12T13:47:54.998063] [31;1m**WARNING**[0m Dangerous semver range (>) in engines.node. See: http://docs.cloudfoundry.org/buildpacks/node/node-tips.html (STDOUT, STG)#
#2026 04 12 13:47:56.948#Z#DEBUG#13634702-3676-11f1-a34c-eeee0a98601f.capmtxtrial-srv#flowable-async-job-executor-thread-26289#
[PollStageAppStatusExecution] b4e24c04-be07-405f-b469-6560f4404abf [2026-04-12T13:47:54.998213] -----> Installing node 24.13.0 (STDOUT, STG)#
#2026 04 12 13:47:56.948#Z#DEBUG#13634702-3676-11f1-a34c-eeee0a98601f.capmtxtrial-srv#flowable-async-job-executor-thread-26289#
[PollStageAppStatusExecution] b4e24c04-be07-405f-b469-6560f4404abf [2026-04-12T13:47:54.998335] Copy [/tmp/buildpacks/978cee5ec9c58000/dependencies/2f5692219fecc3eee6e6d507a6bfe7b9/node_24.13.0_linux_x64_cflinuxfs4_a816dee1.tgz] (STDOUT, STG)#
#2026 04 12 13:48:06.986#Z#DEBUG#13634702-3676-11f1-a34c-eeee0a98601f.capmtxtrial-srv#flowable-async-job-executor-thread-26296#
[PollStageAppStatusExecution] b4e24c04-be07-405f-b469-6560f4404abf [2026-04-12T13:47:57.416064] Using default npm version: 11.6.2 (STDOUT, STG)#
#2026 04 12 13:48:06.986#Z#DEBUG#13634702-3676-11f1-a34c-eeee0a98601f.capmtxtrial-srv#flowable-async-job-executor-thread-26296#
[PollStageAppStatusExecution] b4e24c04-be07-405f-b469-6560f4404abf [2026-04-12T13:47:57.416086] -----> Installing yarn 1.22.22 (STDOUT, STG)#
#2026 04 12 13:48:06.986#Z#DEBUG#13634702-3676-11f1-a34c-eeee0a98601f.capmtxtrial-srv#flowable-async-job-executor-thread-26296#
[PollStageAppStatusExecution] b4e24c04-be07-405f-b469-6560f4404abf [2026-04-12T13:47:57.416108] Copy [/tmp/buildpacks/978cee5ec9c58000/dependencies/e3a39aedd1236924d69cc2d0637a8ed2/yarn_1.22.22_linux_noarch_any-stack_4911d0a6.tgz] (STDOUT, STG)#
#2026 04 12 13:48:06.986#Z#DEBUG#13634702-3676-11f1-a34c-eeee0a98601f.capmtxtrial-srv#flowable-async-job-executor-thread-26296#
[PollStageAppStatusExecution] b4e24c04-be07-405f-b469-6560f4404abf [2026-04-12T13:47:57.800006] Installed yarn 1.22.22 (STDOUT, STG)#
#2026 04 12 13:48:06.986#Z#DEBUG#13634702-3676-11f1-a34c-eeee0a98601f.capmtxtrial-srv#flowable-async-job-executor-thread-26296#
[PollStageAppStatusExecution] b4e24c04-be07-405f-b469-6560f4404abf [2026-04-12T13:47:57.800030] -----> Creating runtime environment (STDOUT, STG)#
#2026 04 12 13:48:06.986#Z#DEBUG#13634702-3676-11f1-a34c-eeee0a98601f.capmtxtrial-srv#flowable-async-job-executor-thread-26296#
[PollStageAppStatusExecution] b4e24c04-be07-405f-b469-6560f4404abf [2026-04-12T13:47:57.801690] NODE_ENV=production (STDOUT, STG)#
#2026 04 12 13:48:06.986#Z#DEBUG#13634702-3676-11f1-a34c-eeee0a98601f.capmtxtrial-srv#flowable-async-job-executor-thread-26296#
[PollStageAppStatusExecution] b4e24c04-be07-405f-b469-6560f4404abf [2026-04-12T13:47:57.801705] NODE_HOME=/tmp/contents662451042/deps/0/node (STDOUT, STG)#
#2026 04 12 13:48:06.986#Z#DEBUG#13634702-3676-11f1-a34c-eeee0a98601f.capmtxtrial-srv#flowable-async-job-executor-thread-26296#
[PollStageAppStatusExecution] b4e24c04-be07-405f-b469-6560f4404abf [2026-04-12T13:47:57.801708] NODE_MODULES_CACHE=true (STDOUT, STG)#
#2026 04 12 13:48:06.986#Z#DEBUG#13634702-3676-11f1-a34c-eeee0a98601f.capmtxtrial-srv#flowable-async-job-executor-thread-26296#
[PollStageAppStatusExecution] b4e24c04-be07-405f-b469-6560f4404abf [2026-04-12T13:47:57.801710] NODE_VERBOSE=false (STDOUT, STG)#
#2026 04 12 13:48:06.986#Z#DEBUG#13634702-3676-11f1-a34c-eeee0a98601f.capmtxtrial-srv#flowable-async-job-executor-thread-26296#
[PollStageAppStatusExecution] b4e24c04-be07-405f-b469-6560f4404abf [2026-04-12T13:47:57.801716] NPM_CONFIG_LOGLEVEL=error (STDOUT, STG)#
#2026 04 12 13:48:06.986#Z#DEBUG#13634702-3676-11f1-a34c-eeee0a98601f.capmtxtrial-srv#flowable-async-job-executor-thread-26296#
[PollStageAppStatusExecution] b4e24c04-be07-405f-b469-6560f4404abf [2026-04-12T13:47:57.801720] NPM_CONFIG_PRODUCTION=true (STDOUT, STG)#
#2026 04 12 13:48:06.986#Z#DEBUG#13634702-3676-11f1-a34c-eeee0a98601f.capmtxtrial-srv#flowable-async-job-executor-thread-26296#
[PollStageAppStatusExecution] b4e24c04-be07-405f-b469-6560f4404abf [2026-04-12T13:47:57.801748] -----> Building dependencies (STDOUT, STG)#
#2026 04 12 13:48:06.986#Z#DEBUG#13634702-3676-11f1-a34c-eeee0a98601f.capmtxtrial-srv#flowable-async-job-executor-thread-26296#
[PollStageAppStatusExecution] b4e24c04-be07-405f-b469-6560f4404abf [2026-04-12T13:47:57.801750] Prebuild detected (node_modules already exists) (STDOUT, STG)#
#2026 04 12 13:48:06.986#Z#DEBUG#13634702-3676-11f1-a34c-eeee0a98601f.capmtxtrial-srv#flowable-async-job-executor-thread-26296#
[PollStageAppStatusExecution] b4e24c04-be07-405f-b469-6560f4404abf [2026-04-12T13:47:57.801772] Rebuilding any native modules (STDOUT, STG)#
#2026 04 12 13:48:06.986#Z#DEBUG#13634702-3676-11f1-a34c-eeee0a98601f.capmtxtrial-srv#flowable-async-job-executor-thread-26296#
[PollStageAppStatusExecution] b4e24c04-be07-405f-b469-6560f4404abf [2026-04-12T13:47:58.525833] rebuilt dependencies successfully (STDOUT, STG)#
#2026 04 12 13:48:06.986#Z#DEBUG#13634702-3676-11f1-a34c-eeee0a98601f.capmtxtrial-srv#flowable-async-job-executor-thread-26296#
[PollStageAppStatusExecution] b4e24c04-be07-405f-b469-6560f4404abf [2026-04-12T13:47:58.527668] npm notice (STDOUT, STG)#
#2026 04 12 13:48:06.986#Z#DEBUG#13634702-3676-11f1-a34c-eeee0a98601f.capmtxtrial-srv#flowable-async-job-executor-thread-26296#
[PollStageAppStatusExecution] b4e24c04-be07-405f-b469-6560f4404abf [2026-04-12T13:47:58.527687] npm notice New minor version of npm available! 11.6.2 -> 11.12.1 (STDOUT, STG)#
#2026 04 12 13:48:06.986#Z#DEBUG#13634702-3676-11f1-a34c-eeee0a98601f.capmtxtrial-srv#flowable-async-job-executor-thread-26296#
[PollStageAppStatusExecution] b4e24c04-be07-405f-b469-6560f4404abf [2026-04-12T13:47:58.527692] npm notice Changelog: https://github.com/npm/cli/releases/tag/v11.12.1 (STDOUT, STG)#
#2026 04 12 13:48:06.986#Z#DEBUG#13634702-3676-11f1-a34c-eeee0a98601f.capmtxtrial-srv#flowable-async-job-executor-thread-26296#
[PollStageAppStatusExecution] b4e24c04-be07-405f-b469-6560f4404abf [2026-04-12T13:47:58.527694] npm notice To update run: npm install -g npm@11.12.1 (STDOUT, STG)#
#2026 04 12 13:48:06.986#Z#DEBUG#13634702-3676-11f1-a34c-eeee0a98601f.capmtxtrial-srv#flowable-async-job-executor-thread-26296#
[PollStageAppStatusExecution] b4e24c04-be07-405f-b469-6560f4404abf [2026-04-12T13:47:58.527697] npm notice (STDOUT, STG)#
#2026 04 12 13:48:06.986#Z#DEBUG#13634702-3676-11f1-a34c-eeee0a98601f.capmtxtrial-srv#flowable-async-job-executor-thread-26296#
[PollStageAppStatusExecution] b4e24c04-be07-405f-b469-6560f4404abf [2026-04-12T13:47:58.601595] Installing any new modules (package.json + package-lock.json) (STDOUT, STG)#
#2026 04 12 13:48:06.986#Z#DEBUG#13634702-3676-11f1-a34c-eeee0a98601f.capmtxtrial-srv#flowable-async-job-executor-thread-26296#
[PollStageAppStatusExecution] b4e24c04-be07-405f-b469-6560f4404abf [2026-04-12T13:47:59.720050] up to date in 1s (STDOUT, STG)#
#2026 04 12 13:48:06.986#Z#DEBUG#13634702-3676-11f1-a34c-eeee0a98601f.capmtxtrial-srv#flowable-async-job-executor-thread-26296#
[PollStageAppStatusExecution] b4e24c04-be07-405f-b469-6560f4404abf [2026-04-12T13:47:59.720259] 21 packages are looking for funding (STDOUT, STG)#
#2026 04 12 13:48:06.986#Z#DEBUG#13634702-3676-11f1-a34c-eeee0a98601f.capmtxtrial-srv#flowable-async-job-executor-thread-26296#
[PollStageAppStatusExecution] b4e24c04-be07-405f-b469-6560f4404abf [2026-04-12T13:47:59.720412] run `npm fund` for details (STDOUT, STG)#
#2026 04 12 13:48:06.986#Z#DEBUG#13634702-3676-11f1-a34c-eeee0a98601f.capmtxtrial-srv#flowable-async-job-executor-thread-26296#
[PollStageAppStatusExecution] b4e24c04-be07-405f-b469-6560f4404abf [2026-04-12T13:48:00.821525] Contrast Security no credentials found. Will not write environment files. (STDOUT, STG)#
#2026 04 12 13:48:16.971#Z#DEBUG#13634702-3676-11f1-a34c-eeee0a98601f.capmtxtrial-srv#flowable-async-job-executor-thread-26302#
[PollStageAppStatusExecution] b4e24c04-be07-405f-b469-6560f4404abf [2026-04-12T13:48:11.261286] Exit status 0 (STDOUT, STG)#
#2026 04 12 13:48:16.971#Z#DEBUG#13634702-3676-11f1-a34c-eeee0a98601f.capmtxtrial-srv#flowable-async-job-executor-thread-26302#
[PollStageAppStatusExecution] b4e24c04-be07-405f-b469-6560f4404abf [2026-04-12T13:48:11.261335] Uploading droplet, build artifacts cache... (STDOUT, STG)#
#2026 04 12 13:48:16.971#Z#DEBUG#13634702-3676-11f1-a34c-eeee0a98601f.capmtxtrial-srv#flowable-async-job-executor-thread-26302#
[PollStageAppStatusExecution] b4e24c04-be07-405f-b469-6560f4404abf [2026-04-12T13:48:11.261378] Uploading droplet... (STDOUT, STG)#
#2026 04 12 13:48:16.971#Z#DEBUG#13634702-3676-11f1-a34c-eeee0a98601f.capmtxtrial-srv#flowable-async-job-executor-thread-26302#
[PollStageAppStatusExecution] b4e24c04-be07-405f-b469-6560f4404abf [2026-04-12T13:48:11.261446] Uploading build artifacts cache... (STDOUT, STG)#
#2026 04 12 13:48:16.971#Z#DEBUG#13634702-3676-11f1-a34c-eeee0a98601f.capmtxtrial-srv#flowable-async-job-executor-thread-26302#
[PollStageAppStatusExecution] b4e24c04-be07-405f-b469-6560f4404abf [2026-04-12T13:48:11.285160] Uploaded build artifacts cache (217B) (STDOUT, STG)#
#2026 04 12 13:48:16.971#Z#DEBUG#13634702-3676-11f1-a34c-eeee0a98601f.capmtxtrial-srv#flowable-async-job-executor-thread-26302#
[PollStageAppStatusExecution] b4e24c04-be07-405f-b469-6560f4404abf [2026-04-12T13:48:12.028280] Creating droplet for app with guid b4e24c04-be07-405f-b469-6560f4404abf (STDOUT, API)#
#2026 04 12 13:48:26.962#Z#DEBUG#13634702-3676-11f1-a34c-eeee0a98601f.capmtxtrial-srv#flowable-async-job-executor-thread-26310#
[PollStageAppStatusExecution] b4e24c04-be07-405f-b469-6560f4404abf [2026-04-12T13:48:17.097105] Uploaded droplet (61.6M) (STDOUT, STG)#
#2026 04 12 13:48:26.962#Z#DEBUG#13634702-3676-11f1-a34c-eeee0a98601f.capmtxtrial-srv#flowable-async-job-executor-thread-26310#
[PollStageAppStatusExecution] b4e24c04-be07-405f-b469-6560f4404abf [2026-04-12T13:48:17.118579] Uploading complete (STDOUT, STG)#
#2026 04 12 13:48:26.962#Z#DEBUG#13634702-3676-11f1-a34c-eeee0a98601f.capmtxtrial-srv#flowable-async-job-executor-thread-26310#
[PollStageAppStatusExecution] b4e24c04-be07-405f-b469-6560f4404abf [2026-04-12T13:48:17.618747] Cell d1cc041a-d5a1-41d6-b9f6-6cda736ce3f0 stopping instance fec47bbf-9744-45ee-9137-05bbe1121c26 (STDOUT, STG)#
#2026 04 12 13:48:26.962#Z#DEBUG#13634702-3676-11f1-a34c-eeee0a98601f.capmtxtrial-srv#flowable-async-job-executor-thread-26310#
[PollStageAppStatusExecution] b4e24c04-be07-405f-b469-6560f4404abf [2026-04-12T13:48:17.618806] Cell d1cc041a-d5a1-41d6-b9f6-6cda736ce3f0 destroying container for instance fec47bbf-9744-45ee-9137-05bbe1121c26 (STDOUT, STG)#
#2026 04 12 13:48:26.962#Z#DEBUG#13634702-3676-11f1-a34c-eeee0a98601f.capmtxtrial-srv#flowable-async-job-executor-thread-26310#
[PollStageAppStatusExecution] b4e24c04-be07-405f-b469-6560f4404abf [2026-04-12T13:48:17.677480] Staging complete for build fec47bbf-9744-45ee-9137-05bbe1121c26 (STDOUT, API)#
#2026 04 12 13:48:26.962#Z#DEBUG#13634702-3676-11f1-a34c-eeee0a98601f.capmtxtrial-srv#flowable-async-job-executor-thread-26310#
[PollStageAppStatusExecution] b4e24c04-be07-405f-b469-6560f4404abf [2026-04-12T13:48:20.293125] Cell d1cc041a-d5a1-41d6-b9f6-6cda736ce3f0 successfully destroyed container for instance fec47bbf-9744-45ee-9137-05bbe1121c26 (STDOUT, STG)#
#2026 04 12 13:48:37.029#Z#DEBUG#13634702-3676-11f1-a34c-eeee0a98601f.capmtxtrial-srv#flowable-async-job-executor-thread-26316#
[PollStartAppStatusExecution] b4e24c04-be07-405f-b469-6560f4404abf [2026-04-12T13:48:27.040183] Updated app with guid b4e24c04-be07-405f-b469-6560f4404abf ({:droplet_guid=>"812205f7-5b8e-4282-a23c-346aa370fae9"}) (STDOUT, API)#
#2026 04 12 13:48:37.029#Z#DEBUG#13634702-3676-11f1-a34c-eeee0a98601f.capmtxtrial-srv#flowable-async-job-executor-thread-26316#
[PollStartAppStatusExecution] b4e24c04-be07-405f-b469-6560f4404abf [2026-04-12T13:48:27.255190] Creating revision for app with guid b4e24c04-be07-405f-b469-6560f4404abf (STDOUT, API)#
#2026 04 12 13:48:37.029#Z#DEBUG#13634702-3676-11f1-a34c-eeee0a98601f.capmtxtrial-srv#flowable-async-job-executor-thread-26316#
[PollStartAppStatusExecution] b4e24c04-be07-405f-b469-6560f4404abf [2026-04-12T13:48:27.305670] Starting app with guid b4e24c04-be07-405f-b469-6560f4404abf (STDOUT, API)#
#2026 04 12 13:48:37.029#Z#DEBUG#13634702-3676-11f1-a34c-eeee0a98601f.capmtxtrial-srv#flowable-async-job-executor-thread-26316#
[PollStartAppStatusExecution] b4e24c04-be07-405f-b469-6560f4404abf [2026-04-12T13:48:27.680807] Cell d1cc041a-d5a1-41d6-b9f6-6cda736ce3f0 creating container for instance f4978734-d7f0-4cfc-754e-2aeb (STDOUT, CELL)#
#2026 04 12 13:48:37.029#Z#DEBUG#13634702-3676-11f1-a34c-eeee0a98601f.capmtxtrial-srv#flowable-async-job-executor-thread-26316#
[PollStartAppStatusExecution] b4e24c04-be07-405f-b469-6560f4404abf [2026-04-12T13:48:28.442015] Security group rules were updated (STDOUT, CELL)#
#2026 04 12 13:48:37.029#Z#DEBUG#13634702-3676-11f1-a34c-eeee0a98601f.capmtxtrial-srv#flowable-async-job-executor-thread-26316#
[PollStartAppStatusExecution] b4e24c04-be07-405f-b469-6560f4404abf [2026-04-12T13:48:28.563890] Cell d1cc041a-d5a1-41d6-b9f6-6cda736ce3f0 successfully created container for instance f4978734-d7f0-4cfc-754e-2aeb (STDOUT, CELL)#
#2026 04 12 13:48:37.029#Z#DEBUG#13634702-3676-11f1-a34c-eeee0a98601f.capmtxtrial-srv#flowable-async-job-executor-thread-26316#
[PollStartAppStatusExecution] b4e24c04-be07-405f-b469-6560f4404abf [2026-04-12T13:48:29.494941] Downloading droplet... (STDOUT, CELL)#
#2026 04 12 13:48:37.029#Z#DEBUG#13634702-3676-11f1-a34c-eeee0a98601f.capmtxtrial-srv#flowable-async-job-executor-thread-26316#
[PollStartAppStatusExecution] b4e24c04-be07-405f-b469-6560f4404abf [2026-04-12T13:48:33.587757] Downloaded droplet (61.6M) (STDOUT, CELL)#
#2026 04 12 13:48:37.029#Z#DEBUG#13634702-3676-11f1-a34c-eeee0a98601f.capmtxtrial-srv#flowable-async-job-executor-thread-26316#
[PollStartAppStatusExecution] b4e24c04-be07-405f-b469-6560f4404abf [2026-04-12T13:48:33.587918] Starting health monitoring of container (STDOUT, CELL)#
#2026 04 12 13:48:37.029#Z#DEBUG#13634702-3676-11f1-a34c-eeee0a98601f.capmtxtrial-srv#flowable-async-job-executor-thread-26316#
[PollStartAppStatusExecution] b4e24c04-be07-405f-b469-6560f4404abf [2026-04-12T13:48:33.714310] Invoking pre-start scripts. (STDOUT, APP/PROC/WEB)#
#2026 04 12 13:48:37.029#Z#DEBUG#13634702-3676-11f1-a34c-eeee0a98601f.capmtxtrial-srv#flowable-async-job-executor-thread-26316#
[PollStartAppStatusExecution] b4e24c04-be07-405f-b469-6560f4404abf [2026-04-12T13:48:33.925081] Invoking start command. (STDOUT, APP/PROC/WEB)#
#2026 04 12 13:48:37.029#Z#DEBUG#13634702-3676-11f1-a34c-eeee0a98601f.capmtxtrial-srv#flowable-async-job-executor-thread-26316#
[PollStartAppStatusExecution] b4e24c04-be07-405f-b469-6560f4404abf [2026-04-12T13:48:34.370244] > capmtxtrial@1.0.0 start (STDOUT, APP/PROC/WEB)#
#2026 04 12 13:48:37.029#Z#DEBUG#13634702-3676-11f1-a34c-eeee0a98601f.capmtxtrial-srv#flowable-async-job-executor-thread-26316#
[PollStartAppStatusExecution] b4e24c04-be07-405f-b469-6560f4404abf [2026-04-12T13:48:34.370270] > cds-serve (STDOUT, APP/PROC/WEB)#
#2026 04 12 13:48:37.029#Z#DEBUG#13634702-3676-11f1-a34c-eeee0a98601f.capmtxtrial-srv#flowable-async-job-executor-thread-26316#
[PollStartAppStatusExecution] b4e24c04-be07-405f-b469-6560f4404abf [2026-04-12T13:48:34.686012] {"level":"info","logger":"cds","timestamp":"2026-04-12T13:48:34.684Z","layer":"cds","component_type":"application","container_id":"10.32.1.5","component_id":"b4e24c04-be07-405f-b469-6560f4404abf","component_name":"capmtxtrial-srv","component_instance":0,"source_instance":0,"organization_name":"0d6c044ftrial","organization_id":"0b521505-80d2-404b-a0f9-020edf8cda9a","space_name":"dev","space_id":"2140e831-331d-48a2-bd4c-370bcef1094c","msg":"loaded model from 1 file(s):\n ","type":"log"} (STDOUT, APP/PROC/WEB)#
#2026 04 12 13:48:37.029#Z#DEBUG#13634702-3676-11f1-a34c-eeee0a98601f.capmtxtrial-srv#flowable-async-job-executor-thread-26316#
[PollStartAppStatusExecution] b4e24c04-be07-405f-b469-6560f4404abf [2026-04-12T13:48:34.686543] srv/csn.json (STDOUT, APP/PROC/WEB)#
#2026 04 12 13:48:37.029#Z#DEBUG#13634702-3676-11f1-a34c-eeee0a98601f.capmtxtrial-srv#flowable-async-job-executor-thread-26316#
[PollStartAppStatusExecution] b4e24c04-be07-405f-b469-6560f4404abf [2026-04-12T13:48:34.892725] {"level":"info","logger":"cds","timestamp":"2026-04-12T13:48:34.892Z","layer":"cds","component_type":"application","container_id":"10.32.1.5","component_id":"b4e24c04-be07-405f-b469-6560f4404abf","component_name":"capmtxtrial-srv","component_instance":0,"source_instance":0,"organization_name":"0d6c044ftrial","organization_id":"0b521505-80d2-404b-a0f9-020edf8cda9a","space_name":"dev","space_id":"2140e831-331d-48a2-bd4c-370bcef1094c","msg":"connect to db > hana {\n  sm_url: 'https://service-manager.cfapps.us10.hana.ondemand.com',\n  url: 'https://0d6c044ftrial.authentication.us10.hana.ondemand.com',\n  clientid: 'sb-d6296454-96bd-40ed-baea-b4b40856f840!b630510|service-manager!b1476',\n  clientsecret: '...',\n  xsappname: 'd6296454-96bd-40ed-baea-b4b40856f840!b630510|service-manager!b1476',\n  uaadomain: 'authentication.us10.hana.ondemand.com'\n}","type":"log"} (STDOUT, APP/PROC/WEB)#
#2026 04 12 13:48:37.029#Z#DEBUG#13634702-3676-11f1-a34c-eeee0a98601f.capmtxtrial-srv#flowable-async-job-executor-thread-26316#
[PollStartAppStatusExecution] b4e24c04-be07-405f-b469-6560f4404abf [2026-04-12T13:48:34.962262] {"level":"info","logger":"cds","timestamp":"2026-04-12T13:48:34.961Z","layer":"cds","component_type":"application","container_id":"10.32.1.5","component_id":"b4e24c04-be07-405f-b469-6560f4404abf","component_name":"capmtxtrial-srv","component_instance":0,"source_instance":0,"organization_name":"0d6c044ftrial","organization_id":"0b521505-80d2-404b-a0f9-020edf8cda9a","space_name":"dev","space_id":"2140e831-331d-48a2-bd4c-370bcef1094c","msg":"using auth strategy { kind: 'jwt' }","type":"log"} (STDOUT, APP/PROC/WEB)#
#2026 04 12 13:48:37.029#Z#DEBUG#13634702-3676-11f1-a34c-eeee0a98601f.capmtxtrial-srv#flowable-async-job-executor-thread-26316#
[PollStartAppStatusExecution] b4e24c04-be07-405f-b469-6560f4404abf [2026-04-12T13:48:35.013072] {"level":"info","logger":"cds","timestamp":"2026-04-12T13:48:35.012Z","layer":"cds","component_type":"application","container_id":"10.32.1.5","component_id":"b4e24c04-be07-405f-b469-6560f4404abf","component_name":"capmtxtrial-srv","component_instance":0,"source_instance":0,"organization_name":"0d6c044ftrial","organization_id":"0b521505-80d2-404b-a0f9-020edf8cda9a","space_name":"dev","space_id":"2140e831-331d-48a2-bd4c-370bcef1094c","msg":"serving cds.xt.ModelProviderService {\n  at: [ '/-/cds/model-provider' ],\n  decl: 'node_modules/@sap/cds-mtxs/srv/model-provider.cds:18',\n  impl: 'node_modules/@sap/cds-mtxs/srv/model-provider.js'\n}","type":"log"} (STDOUT, APP/PROC/WEB)#
#2026 04 12 13:48:37.029#Z#DEBUG#13634702-3676-11f1-a34c-eeee0a98601f.capmtxtrial-srv#flowable-async-job-executor-thread-26316#
[PollStartAppStatusExecution] b4e24c04-be07-405f-b469-6560f4404abf [2026-04-12T13:48:35.034209] {"level":"info","logger":"cds","timestamp":"2026-04-12T13:48:35.033Z","layer":"cds","component_type":"application","container_id":"10.32.1.5","component_id":"b4e24c04-be07-405f-b469-6560f4404abf","component_name":"capmtxtrial-srv","component_instance":0,"source_instance":0,"organization_name":"0d6c044ftrial","organization_id":"0b521505-80d2-404b-a0f9-020edf8cda9a","space_name":"dev","space_id":"2140e831-331d-48a2-bd4c-370bcef1094c","msg":"serving TaskService {\n  at: [ '/task' ],\n  decl: 'srv/csn.json:60',\n  impl: 'srv/task-service.js'\n}","type":"log"} (STDOUT, APP/PROC/WEB)#
#2026 04 12 13:48:37.029#Z#DEBUG#13634702-3676-11f1-a34c-eeee0a98601f.capmtxtrial-srv#flowable-async-job-executor-thread-26316#
[PollStartAppStatusExecution] b4e24c04-be07-405f-b469-6560f4404abf [2026-04-12T13:48:35.034695] {"level":"info","logger":"cds","timestamp":"2026-04-12T13:48:35.034Z","layer":"cds","component_type":"application","container_id":"10.32.1.5","component_id":"b4e24c04-be07-405f-b469-6560f4404abf","component_name":"capmtxtrial-srv","component_instance":0,"source_instance":0,"organization_name":"0d6c044ftrial","organization_id":"0b521505-80d2-404b-a0f9-020edf8cda9a","space_name":"dev","space_id":"2140e831-331d-48a2-bd4c-370bcef1094c","msg":"serving cds.xt.JobsService {\n  at: [ '/-/cds/jobs' ],\n  decl: 'srv/csn.json:816',\n  impl: 'node_modules/@sap/cds-mtxs/srv/jobs-service.js'\n}","type":"log"} (STDOUT, APP/PROC/WEB)#
#2026 04 12 13:48:37.029#Z#DEBUG#13634702-3676-11f1-a34c-eeee0a98601f.capmtxtrial-srv#flowable-async-job-executor-thread-26316#
[PollStartAppStatusExecution] b4e24c04-be07-405f-b469-6560f4404abf [2026-04-12T13:48:35.042601] {"level":"info","logger":"cds","timestamp":"2026-04-12T13:48:35.042Z","layer":"cds","component_type":"application","container_id":"10.32.1.5","component_id":"b4e24c04-be07-405f-b469-6560f4404abf","component_name":"capmtxtrial-srv","component_instance":0,"source_instance":0,"organization_name":"0d6c044ftrial","organization_id":"0b521505-80d2-404b-a0f9-020edf8cda9a","space_name":"dev","space_id":"2140e831-331d-48a2-bd4c-370bcef1094c","msg":"server listening on { url: 'http://localhost:8080' }","type":"log"} (STDOUT, APP/PROC/WEB)#
#2026 04 12 13:48:37.029#Z#DEBUG#13634702-3676-11f1-a34c-eeee0a98601f.capmtxtrial-srv#flowable-async-job-executor-thread-26316#
[PollStartAppStatusExecution] b4e24c04-be07-405f-b469-6560f4404abf [2026-04-12T13:48:35.044083] {"level":"info","logger":"cds","timestamp":"2026-04-12T13:48:35.043Z","layer":"cds","component_type":"application","container_id":"10.32.1.5","component_id":"b4e24c04-be07-405f-b469-6560f4404abf","component_name":"capmtxtrial-srv","component_instance":0,"source_instance":0,"organization_name":"0d6c044ftrial","organization_id":"0b521505-80d2-404b-a0f9-020edf8cda9a","space_name":"dev","space_id":"2140e831-331d-48a2-bd4c-370bcef1094c","msg":"server v9.8.5 launched in 661 ms","type":"log"} (STDOUT, APP/PROC/WEB)#
#2026 04 12 13:48:37.029#Z#DEBUG#13634702-3676-11f1-a34c-eeee0a98601f.capmtxtrial-srv#flowable-async-job-executor-thread-26316#
[PollStartAppStatusExecution] b4e24c04-be07-405f-b469-6560f4404abf [2026-04-12T13:48:36.694230] Process became ready with guid b4e24c04-be07-405f-b469-6560f4404abf payload: {"instance"=>"f4978734-d7f0-4cfc-754e-2aeb", "index"=>0, "cell_id"=>"d1cc041a-d5a1-41d6-b9f6-6cda736ce3f0", "ready"=>true, "version"=>"31ba67dc-e785-4a50-bb52-2034ccb2d6a8"} (STDOUT, API)#
